SF:lib\core\errors\exceptions.dart
DA:2,14
DA:6,14
DA:10,13
LF:3
LH:3
end_of_record
SF:lib\core\http_client\http_client.dart
DA:10,1
LF:1
LH:1
end_of_record
SF:lib\data\datasources\themoviedb_datasource_imp.dart
DA:13,1
DA:16,1
DA:17,3
DA:18,1
DA:20,2
DA:21,2
DA:22,1
DA:23,1
DA:24,3
DA:25,1
DA:27,2
DA:29,2
DA:37,1
DA:38,3
DA:39,1
DA:41,2
DA:42,2
DA:43,1
DA:44,1
DA:45,3
DA:46,1
DA:48,2
DA:50,2
LF:23
LH:23
end_of_record
SF:lib\data\models\movie_model.dart
DA:5,4
DA:10,2
DA:16,4
DA:17,2
DA:18,2
DA:19,4
DA:20,6
DA:23,2
DA:24,1
DA:25,1
DA:26,1
DA:27,1
LF:12
LH:12
end_of_record
SF:lib\data\datasources\themoviesdb_endpoints\themoviedb_endpoints.dart
DA:6,1
DA:7,1
DA:9,1
DA:10,1
LF:4
LH:4
end_of_record
SF:lib\domain\entities\movie_entity.dart
DA:9,6
DA:16,1
DA:17,1
LF:3
LH:3
end_of_record
SF:lib\core\errors\failures.dart
DA:6,3
DA:7,3
DA:11,3
DA:12,3
LF:4
LH:4
end_of_record
SF:lib\data\repositories\movie_repository_imp.dart
DA:11,1
DA:13,1
DA:15,3
DA:16,1
DA:17,1
DA:18,2
DA:19,1
DA:20,2
DA:25,1
DA:27,3
DA:28,1
DA:29,1
DA:30,2
DA:31,1
DA:32,2
LF:15
LH:15
end_of_record
SF:lib\core\usecase\usecase.dart
DA:10,1
DA:11,1
LF:2
LH:2
end_of_record
SF:lib\domain\usecases\get_list_popular_movies_usecase.dart
DA:10,1
DA:13,1
DA:14,3
LF:3
LH:3
end_of_record
SF:lib\domain\usecases\get_list_trending_movies_usecase.dart
DA:8,1
DA:13,1
DA:14,3
LF:3
LH:3
end_of_record
SF:lib\features\presentation\bloc\movie_state.dart
DA:4,16
DA:8,12
DA:9,1
DA:10,1
DA:14,8
DA:15,1
DA:16,1
DA:21,7
DA:22,1
DA:23,2
DA:28,2
DA:29,1
DA:30,2
DA:35,10
DA:36,1
DA:37,2
LF:16
LH:16
end_of_record
SF:lib\features\presentation\bloc\movie_event.dart
DA:4,14
DA:6,0
DA:7,0
DA:11,14
DA:13,0
DA:14,0
DA:18,7
DA:20,0
DA:21,0
LF:9
LH:3
end_of_record
SF:lib\features\presentation\bloc\movie_bloc.dart
DA:15,1
DA:18,1
DA:19,2
DA:20,2
DA:23,1
DA:24,1
DA:25,4
DA:26,1
DA:27,1
DA:28,1
DA:30,2
DA:34,1
DA:35,1
DA:36,4
DA:37,1
DA:38,1
DA:39,1
DA:41,2
LF:18
LH:18
end_of_record
SF:lib\features\presentation\pages\home_page_mixin.dart
DA:4,2
DA:5,4
DA:6,2
DA:11,1
DA:12,3
DA:15,2
DA:16,2
DA:18,2
DA:20,2
LF:9
LH:9
end_of_record
SF:lib\features\presentation\pages\home_page.dart
DA:6,1
DA:8,1
DA:10,1
DA:11,1
DA:12,1
LF:5
LH:5
end_of_record
SF:lib\features\presentation\widgets\body_home_widget.dart
DA:9,7
DA:11,2
DA:12,2
DA:18,2
DA:20,4
DA:21,2
DA:24,2
DA:25,4
DA:26,4
DA:29,2
DA:31,2
DA:32,6
DA:33,6
DA:34,2
DA:35,2
DA:36,2
LF:16
LH:16
end_of_record
SF:lib\core\utils\enums\enums.dart
DA:1,6
DA:8,6
LF:2
LH:2
end_of_record
SF:lib\core\utils\helpers\date_formatter.dart
DA:4,1
DA:5,1
DA:6,2
LF:3
LH:3
end_of_record
SF:lib\features\presentation\widgets\list_movies_popular_or_trending_widget.dart
DA:11,8
DA:13,0
DA:15,3
DA:17,3
DA:18,1
DA:19,2
DA:20,1
DA:22,0
DA:25,3
DA:26,3
DA:29,2
DA:30,4
DA:33,2
DA:34,2
DA:38,1
DA:39,0
DA:40,0
DA:44,1
DA:45,2
DA:53,1
DA:54,1
DA:56,3
DA:57,1
DA:60,1
DA:61,1
DA:63,1
DA:64,4
DA:65,1
DA:66,0
DA:67,0
LF:30
LH:24
end_of_record
SF:lib\features\presentation\widgets\item_movie_widget.dart
DA:14,1
DA:20,0
DA:22,1
DA:23,1
DA:27,1
DA:29,1
DA:31,1
DA:32,1
DA:35,1
DA:36,1
DA:37,1
DA:39,1
DA:40,1
DA:42,1
DA:43,1
DA:44,1
DA:45,2
DA:46,1
DA:60,1
DA:63,1
DA:65,1
DA:68,1
DA:71,1
DA:72,1
DA:73,1
DA:75,1
DA:81,1
DA:82,2
DA:83,1
DA:84,3
DA:88,1
DA:89,3
DA:96,1
DA:97,1
DA:98,1
DA:99,1
DA:101,3
DA:106,3
DA:109,1
DA:110,2
DA:111,1
DA:112,3
DA:115,1
DA:116,1
DA:131,1
DA:132,1
DA:134,1
DA:137,1
DA:138,1
DA:139,1
DA:146,1
DA:147,1
DA:149,0
DA:150,0
LF:54
LH:51
end_of_record
SF:lib\features\presentation\widgets\list_movies_widget.dart
DA:8,5
DA:10,3
DA:12,3
DA:13,6
DA:16,0
DA:17,0
DA:18,0
DA:19,0
DA:20,0
DA:21,0
DA:22,0
LF:11
LH:4
end_of_record
SF:lib\features\presentation\widgets\skeleton_movie_widget.dart
DA:5,7
DA:7,3
DA:9,3
DA:10,3
DA:14,3
DA:15,3
DA:19,3
LF:7
LH:7
end_of_record
